<?xml version="1.0" encoding="UTF-8"?>
<!-- Generated by org.testng.reporters.JUnitReportReporter -->
<testsuite hostname="Lenovo-PC" failures="0" tests="1" name="entireSDET.TC_Alerts" time="14.977" errors="0" timestamp="25 Jan 2024 20:48:44 GMT" skipped="0">
  <testcase classname="entireSDET.TC_Alerts" name="ncAlert" time="14.977"/>
</testsuite> <!-- entireSDET.TC_Alerts -->
