<?xml version="1.0" encoding="UTF-8"?>
<!-- Generated by org.testng.reporters.JUnitReportReporter -->
<testsuite hostname="Lenovo-PC" failures="0" tests="5" name="entireSDET.NCLogin_TC" time="5.239" errors="0" timestamp="22 Jan 2024 18:19:04 GMT" skipped="0">
  <testcase classname="entireSDET.NCLogin_TC" name="ncEmail_TC_0001" time="0.294"/>
  <testcase classname="entireSDET.NCLogin_TC" name="ncPassword_TC_0002" time="0.139"/>
  <testcase classname="entireSDET.NCLogin_TC" name="ncLoginBtn_TC_0003" time="0.261"/>
  <testcase classname="entireSDET.NCLogin_TC" name="ncLogin" time="1.149"/>
  <testcase classname="entireSDET.NCLogin_TC" name="ncLogin" time="3.396"/>
</testsuite> <!-- entireSDET.NCLogin_TC -->
