<?xml version="1.0" encoding="UTF-8"?>
<!-- Generated by org.testng.reporters.JUnitReportReporter -->
<testsuite hostname="Lenovo-PC" failures="0" tests="8" name="testNG.TestScript1NG" time="5.235" errors="0" timestamp="22 Jan 2024 17:19:11 GMT" skipped="5">
  <testcase classname="testNG.TestScript1NG" name="ncLoginPage" time="4.108"/>
  <testcase classname="testNG.TestScript1NG" name="ncEmailField" time="0.662"/>
  <testcase classname="testNG.TestScript1NG" name="ncPasswordField" time="0.465"/>
  <testcase classname="testNG.TestScript1NG" name="ncLoginBtn" time="0.000">
    <skipped/>
  </testcase> <!-- ncLoginBtn -->
  <testcase classname="testNG.TestScript1NG" name="ncLogin" time="0.000">
    <skipped/>
  </testcase> <!-- ncLogin -->
  <testcase classname="testNG.TestScript1NG" name="ncDashboard" time="0.000">
    <skipped/>
  </testcase> <!-- ncDashboard -->
  <testcase classname="testNG.TestScript1NG" name="ncDashboardPage" time="0.000">
    <skipped/>
  </testcase> <!-- ncDashboardPage -->
  <testcase classname="testNG.TestScript1NG" name="ncSalesandProducts">
    <skipped/>
  </testcase> <!-- ncSalesandProducts -->
</testsuite> <!-- testNG.TestScript1NG -->
