<?xml version="1.0" encoding="UTF-8"?>
<!-- Generated by org.testng.reporters.JUnitReportReporter -->
<testsuite hostname="Lenovo-PC" failures="0" tests="5" name="cucumberRunner.HybridTestRunner" time="128.244" errors="0" timestamp="01 Feb 2024 19:31:58 GMT" skipped="0">
  <testcase classname="cucumberRunner.HybridTestRunner" name="runScenario" time="27.645"/>
  <testcase classname="cucumberRunner.HybridTestRunner" name="runScenario" time="28.668"/>
  <testcase classname="cucumberRunner.HybridTestRunner" name="runScenario" time="34.225"/>
  <testcase classname="cucumberRunner.HybridTestRunner" name="runScenario" time="18.090"/>
  <testcase classname="cucumberRunner.HybridTestRunner" name="runScenario" time="19.616"/>
</testsuite> <!-- cucumberRunner.HybridTestRunner -->
