<?xml version="1.0" encoding="UTF-8"?>
<!-- Generated by org.testng.reporters.JUnitReportReporter -->
<testsuite hostname="Lenovo-PC" failures="0" tests="2" name="entireSDET.TC_NCSelectTag" time="87.633" errors="0" timestamp="25 Jan 2024 20:48:44 GMT" skipped="0">
  <testcase classname="entireSDET.TC_NCSelectTag" name="OrdersPageFields" time="12.238"/>
  <testcase classname="entireSDET.TC_NCSelectTag" name="ordersWebtable" time="75.395"/>
</testsuite> <!-- entireSDET.TC_NCSelectTag -->
