<?xml version="1.0" encoding="UTF-8"?>
<!-- Generated by org.testng.reporters.JUnitReportReporter -->
<testsuite hostname="Lenovo-PC" failures="0" tests="1" name="entireSDET.TC03_Alerts" time="18.821" errors="0" timestamp="26 Jan 2024 03:23:16 GMT" skipped="0">
  <testcase classname="entireSDET.TC03_Alerts" name="ncAlert" time="18.821"/>
</testsuite> <!-- entireSDET.TC03_Alerts -->
