<?xml version="1.0" encoding="UTF-8"?>
<!-- Generated by org.testng.reporters.JUnitReportReporter -->
<testsuite hostname="Lenovo-PC" failures="0" tests="2" name="entireSDET.NCLogin_TC_0001" time="7.719" errors="0" timestamp="22 Jan 2024 16:39:49 GMT" skipped="0">
  <testcase classname="entireSDET.NCLogin_TC_0001" name="emailValidation" time="1.713"/>
  <testcase classname="entireSDET.NCLogin_TC_0001" name="emailValidation" time="6.006"/>
</testsuite> <!-- entireSDET.NCLogin_TC_0001 -->
