<?xml version="1.0" encoding="UTF-8"?>
<!-- Generated by org.testng.reporters.JUnitReportReporter -->
<testsuite hostname="Lenovo-PC" failures="0" tests="5" name="hybridEntireSDET.HybridRunner" time="79.990" errors="0" timestamp="05 Feb 2024 20:15:17 GMT" skipped="0">
  <testcase classname="hybridEntireSDET.HybridRunner" name="runScenario" time="13.412"/>
  <testcase classname="hybridEntireSDET.HybridRunner" name="runScenario" time="22.835"/>
  <testcase classname="hybridEntireSDET.HybridRunner" name="runScenario" time="12.979"/>
  <testcase classname="hybridEntireSDET.HybridRunner" name="runScenario" time="12.296"/>
  <testcase classname="hybridEntireSDET.HybridRunner" name="runScenario" time="18.468"/>
</testsuite> <!-- hybridEntireSDET.HybridRunner -->
