<?xml version="1.0" encoding="UTF-8"?>
<!-- Generated by org.testng.reporters.JUnitReportReporter -->
<testsuite hostname="Lenovo-PC" failures="0" tests="5" name="entireSDET.TC01NCLogin" time="11.554" errors="0" timestamp="12 Feb 2024 14:47:05 GMT" skipped="0">
  <testcase classname="entireSDET.TC01NCLogin" name="ncEmail_TC_0001" time="0.490"/>
  <testcase classname="entireSDET.TC01NCLogin" name="ncPassword_TC_0002" time="0.328"/>
  <testcase classname="entireSDET.TC01NCLogin" name="ncLoginBtn_TC_0003" time="0.128"/>
  <testcase classname="entireSDET.TC01NCLogin" name="ncLogin" time="6.047"/>
  <testcase classname="entireSDET.TC01NCLogin" name="ncLogin" time="4.561"/>
</testsuite> <!-- entireSDET.TC01NCLogin -->
