<?xml version="1.0" encoding="UTF-8"?>
<!-- Generated by org.testng.reporters.JUnitReportReporter -->
<testsuite hostname="Lenovo-PC" failures="0" tests="2" name="entireSDET.TC02_NCSelectTag" time="34.454" errors="0" timestamp="26 Jan 2024 03:23:16 GMT" skipped="0">
  <testcase classname="entireSDET.TC02_NCSelectTag" name="OrdersPageFields" time="14.627"/>
  <testcase classname="entireSDET.TC02_NCSelectTag" name="ordersWebtable" time="19.827"/>
</testsuite> <!-- entireSDET.TC02_NCSelectTag -->
